-------------------------- 
Thu 05/09/2024 19:22:03.30 
-------------------------- 
^CTerminate batch job (Y/N)? ^C-------------------------- 
Thu 05/09/2024 19:34:39.00 
-------------------------- 
-------------------------- 
Sun 05/12/2024 12:20:49.35 
-------------------------- 
^C-------------------------- 
Sun 05/12/2024 12:23:00.53 
-------------------------- 
^CTerminate batch job (Y/N)? ^CTerminate batch job (Y/N)? -------------------------- 
Sun 05/12/2024 14:50:47.67 
-------------------------- 
^CTerminate batch job (Y/N)? ^CTerminate batch job (Y/N)? -------------------------- 
Sun 05/12/2024 15:16:35.79 
-------------------------- 
^CTerminate batch job (Y/N)? ^C-------------------------- 
Sun 05/12/2024 21:54:09.36 
-------------------------- 
^CTerminate batch job (Y/N)? -------------------------- 
Sun 05/12/2024 21:55:44.41 
-------------------------- 
^CTerminate batch job (Y/N)? ^C-------------------------- 
Sun 05/12/2024 22:14:00.79 
-------------------------- 
-------------------------- 
Mon 05/13/2024 22:37:04.90 
-------------------------- 
-------------------------- 
Mon 05/13/2024 23:16:22.22 
-------------------------- 
^CTerminate batch job (Y/N)? ^CTerminate batch job (Y/N)? -------------------------- 
Tue 05/14/2024  1:14:03.79 
-------------------------- 
^CTerminate batch job (Y/N)? ^C-------------------------- 
Tue 05/14/2024 14:16:44.85 
-------------------------- 
^CTerminate batch job (Y/N)? ^C-------------------------- 
Tue 05/14/2024 14:54:41.78 
-------------------------- 
^CTerminate batch job (Y/N)? ^C-------------------------- 
Tue 05/14/2024 15:48:14.90 
-------------------------- 
^CTerminate batch job (Y/N)? ^C-------------------------- 
Tue 05/14/2024 16:32:45.57 
-------------------------- 
-------------------------- 
Tue 05/14/2024 21:13:25.37 
-------------------------- 
-------------------------- 
Wed 05/15/2024 15:08:16.86 
-------------------------- 
^C--------------------------
Thu May 16 16:28:43 PDT 2024
--------------------------
./start-sample-cluster.sh: line 128: /Users/peterlee/Documents/cs/python/ZED/asterixdb/apache-asterixdb-0.9.9/bin/asterixncservice: Permission denied
--------------------------
Thu May 16 16:29:32 PDT 2024
--------------------------
./start-sample-cluster.sh: line 128: /Users/peterlee/Documents/cs/python/ZED/asterixdb/apache-asterixdb-0.9.9/bin/asterixncservice: Permission denied
--------------------------
Thu May 16 16:32:56 PDT 2024
--------------------------
Using Java version: 17.0.4.1
16:32:57.562 [main] INFO  org.apache.hyracks.control.nc.service.NCService - Waiting for connection from CC on *:9091
--------------------------
Thu May 16 16:33:10 PDT 2024
--------------------------
Using Java version: 17.0.4.1
Exception in thread "main" java.net.BindException: Address already in use
	at java.base/sun.nio.ch.Net.bind0(Native Method)
	at java.base/sun.nio.ch.Net.bind(Net.java:555)
	at java.base/sun.nio.ch.Net.bind(Net.java:544)
	at java.base/sun.nio.ch.NioSocketImpl.bind(NioSocketImpl.java:643)
	at java.base/java.net.ServerSocket.bind(ServerSocket.java:388)
	at java.base/java.net.ServerSocket.<init>(ServerSocket.java:274)
	at org.apache.hyracks.control.nc.service.NCService.main(NCService.java:297)
16:33:11.813 [main] INFO  org.apache.hyracks.control.nc.service.NCService - Using JAVA_OPTS from conf file (jvm.args)
16:33:11.813 [main] INFO  org.apache.hyracks.control.nc.service.NCService - Setting JAVA_OPTS to -XX:MaxGCPauseMillis=25000 -Xmx9831m
16:33:11.814 [main] INFO  org.apache.hyracks.control.nc.service.NCService - Launching NCDriver process
Using Java version: 17.0.4.1
16:33:12.422 [main] WARN  org.apache.hyracks.control.nc.NCLogConfigurationFactory - logs are being redirected to: /Users/peterlee/Documents/cs/python/ZED/asterixdb/apache-asterixdb-0.9.9/opt/local/logs/nc-asterix_nc2.log
16:33:15.856 [main] INFO  org.apache.hyracks.control.nc.service.NCService - NCDriver exited with return value 2
16:33:15.863 [main] INFO  org.apache.hyracks.control.nc.service.NCService - Waiting for connection from CC on *:9091
--------------------------
Thu May 16 16:34:12 PDT 2024
--------------------------
Using Java version: 17.0.4.1
16:34:13.322 [main] INFO  org.apache.hyracks.control.nc.service.NCService - Waiting for connection from CC on *:9091
16:34:13.776 [main] INFO  org.apache.hyracks.control.nc.service.NCService - Using JAVA_OPTS from conf file (jvm.args)
16:34:13.777 [main] INFO  org.apache.hyracks.control.nc.service.NCService - Setting JAVA_OPTS to -XX:MaxGCPauseMillis=25000 -Xmx9831m
16:34:13.777 [main] INFO  org.apache.hyracks.control.nc.service.NCService - Launching NCDriver process
Using Java version: 17.0.4.1
16:34:14.286 [main] WARN  org.apache.hyracks.control.nc.NCLogConfigurationFactory - logs are being redirected to: /Users/peterlee/Documents/cs/python/ZED/asterixdb/apache-asterixdb-0.9.9/opt/local/logs/nc-asterix_nc2.log
16:34:17.720 [main] INFO  org.apache.hyracks.control.nc.service.NCService - NCDriver exited with return value 2
16:34:17.724 [main] INFO  org.apache.hyracks.control.nc.service.NCService - Waiting for connection from CC on *:9091
16:36:39.047 [main] INFO  org.apache.hyracks.control.nc.service.NCService - Terminating NCService based on command from CC
16:36:39.048 [main] INFO  org.apache.hyracks.control.nc.service.NCService - JVM Exiting.. Bye!
--------------------------
Thu May 16 16:36:46 PDT 2024
--------------------------
Using Java version: 17.0.4.1
16:36:47.293 [main] INFO  org.apache.hyracks.control.nc.service.NCService - Waiting for connection from CC on *:9091
16:36:47.750 [main] INFO  org.apache.hyracks.control.nc.service.NCService - Using JAVA_OPTS from conf file (jvm.args)
16:36:47.751 [main] INFO  org.apache.hyracks.control.nc.service.NCService - Setting JAVA_OPTS to -XX:MaxGCPauseMillis=25000 -Xmx9831m
16:36:47.751 [main] INFO  org.apache.hyracks.control.nc.service.NCService - Launching NCDriver process
Using Java version: 17.0.4.1
16:36:48.278 [main] WARN  org.apache.hyracks.control.nc.NCLogConfigurationFactory - logs are being redirected to: /Users/peterlee/Documents/cs/python/ZED/asterixdb/apache-asterixdb-0.9.9/opt/local/logs/nc-asterix_nc2.log
16:36:51.704 [main] INFO  org.apache.hyracks.control.nc.service.NCService - NCDriver exited with return value 2
16:36:51.706 [main] INFO  org.apache.hyracks.control.nc.service.NCService - Waiting for connection from CC on *:9091
--------------------------
Thu May 16 16:45:44 PDT 2024
--------------------------
Using Java version: 17.0.4.1
Exception in thread "main" java.net.BindException: Address already in use
	at java.base/sun.nio.ch.Net.bind0(Native Method)
	at java.base/sun.nio.ch.Net.bind(Net.java:555)
	at java.base/sun.nio.ch.Net.bind(Net.java:544)
	at java.base/sun.nio.ch.NioSocketImpl.bind(NioSocketImpl.java:643)
	at java.base/java.net.ServerSocket.bind(ServerSocket.java:388)
	at java.base/java.net.ServerSocket.<init>(ServerSocket.java:274)
	at org.apache.hyracks.control.nc.service.NCService.main(NCService.java:297)
--------------------------
Thu May 16 16:46:43 PDT 2024
--------------------------
Using Java version: 17.0.4.1
Exception in thread "main" java.net.BindException: Address already in use
	at java.base/sun.nio.ch.Net.bind0(Native Method)
	at java.base/sun.nio.ch.Net.bind(Net.java:555)
	at java.base/sun.nio.ch.Net.bind(Net.java:544)
	at java.base/sun.nio.ch.NioSocketImpl.bind(NioSocketImpl.java:643)
	at java.base/java.net.ServerSocket.bind(ServerSocket.java:388)
	at java.base/java.net.ServerSocket.<init>(ServerSocket.java:274)
	at org.apache.hyracks.control.nc.service.NCService.main(NCService.java:297)
16:46:44.863 [main] INFO  org.apache.hyracks.control.nc.service.NCService - Using JAVA_OPTS from conf file (jvm.args)
16:46:44.864 [main] INFO  org.apache.hyracks.control.nc.service.NCService - Setting JAVA_OPTS to -XX:MaxGCPauseMillis=25000 -Xmx9831m
16:46:44.865 [main] INFO  org.apache.hyracks.control.nc.service.NCService - Launching NCDriver process
Using Java version: 17.0.4.1
16:46:45.370 [main] WARN  org.apache.hyracks.control.nc.NCLogConfigurationFactory - logs are being redirected to: /Users/peterlee/Documents/cs/python/ZED/asterixdb/apache-asterixdb-0.9.9/opt/local/logs/nc-asterix_nc2.log
16:46:48.783 [main] INFO  org.apache.hyracks.control.nc.service.NCService - NCDriver exited with return value 2
16:46:48.784 [main] INFO  org.apache.hyracks.control.nc.service.NCService - Waiting for connection from CC on *:9091
--------------------------
Thu May 16 16:47:09 PDT 2024
--------------------------
Using Java version: 17.0.4.1
Exception in thread "main" java.net.BindException: Address already in use
	at java.base/sun.nio.ch.Net.bind0(Native Method)
	at java.base/sun.nio.ch.Net.bind(Net.java:555)
	at java.base/sun.nio.ch.Net.bind(Net.java:544)
	at java.base/sun.nio.ch.NioSocketImpl.bind(NioSocketImpl.java:643)
	at java.base/java.net.ServerSocket.bind(ServerSocket.java:388)
	at java.base/java.net.ServerSocket.<init>(ServerSocket.java:274)
	at org.apache.hyracks.control.nc.service.NCService.main(NCService.java:297)
16:47:10.456 [main] INFO  org.apache.hyracks.control.nc.service.NCService - Using JAVA_OPTS from conf file (jvm.args)
16:47:10.456 [main] INFO  org.apache.hyracks.control.nc.service.NCService - Setting JAVA_OPTS to -XX:MaxGCPauseMillis=25000 -Xmx9831m
16:47:10.456 [main] INFO  org.apache.hyracks.control.nc.service.NCService - Launching NCDriver process
Using Java version: 17.0.4.1
16:47:10.985 [main] WARN  org.apache.hyracks.control.nc.NCLogConfigurationFactory - logs are being redirected to: /Users/peterlee/Documents/cs/python/ZED/asterixdb/apache-asterixdb-0.9.9/opt/local/logs/nc-asterix_nc2.log
16:47:14.390 [main] INFO  org.apache.hyracks.control.nc.service.NCService - NCDriver exited with return value 2
16:47:14.391 [main] INFO  org.apache.hyracks.control.nc.service.NCService - Waiting for connection from CC on *:9091
--------------------------
Tue May 21 14:30:50 PDT 2024
--------------------------
Using Java version: 17.0.4.1
14:30:50.932 [main] INFO  org.apache.hyracks.control.nc.service.NCService - Waiting for connection from CC on *:9091
14:30:51.440 [main] INFO  org.apache.hyracks.control.nc.service.NCService - Using JAVA_OPTS from conf file (jvm.args)
14:30:51.441 [main] INFO  org.apache.hyracks.control.nc.service.NCService - Setting JAVA_OPTS to -XX:MaxGCPauseMillis=25000 -Xmx9831m
14:30:51.441 [main] INFO  org.apache.hyracks.control.nc.service.NCService - Launching NCDriver process
Using Java version: 17.0.4.1
14:30:51.980 [main] WARN  org.apache.hyracks.control.nc.NCLogConfigurationFactory - logs are being redirected to: /Users/peterlee/Documents/cs/python/ZED/asterixdb/apache-asterixdb-0.9.9/opt/local/logs/nc-asterix_nc2.log
14:30:55.384 [main] INFO  org.apache.hyracks.control.nc.service.NCService - NCDriver exited with return value 2
14:30:55.387 [main] INFO  org.apache.hyracks.control.nc.service.NCService - Waiting for connection from CC on *:9091
14:34:43.261 [main] INFO  org.apache.hyracks.control.nc.service.NCService - Terminating NCService based on command from CC
14:34:43.262 [main] INFO  org.apache.hyracks.control.nc.service.NCService - JVM Exiting.. Bye!
--------------------------
Tue May 21 14:35:06 PDT 2024
--------------------------
Using Java version: 17.0.4.1
14:35:07.477 [main] INFO  org.apache.hyracks.control.nc.service.NCService - Waiting for connection from CC on *:9091
14:35:07.908 [main] INFO  org.apache.hyracks.control.nc.service.NCService - Using JAVA_OPTS from conf file (jvm.args)
14:35:07.909 [main] INFO  org.apache.hyracks.control.nc.service.NCService - Setting JAVA_OPTS to -XX:MaxGCPauseMillis=25000 -Xmx9831m
14:35:07.909 [main] INFO  org.apache.hyracks.control.nc.service.NCService - Launching NCDriver process
Using Java version: 17.0.4.1
14:35:08.427 [main] WARN  org.apache.hyracks.control.nc.NCLogConfigurationFactory - logs are being redirected to: /Users/peterlee/Documents/cs/python/ZED/asterixdb/apache-asterixdb-0.9.9/opt/local/logs/nc-asterix_nc2.log
14:35:11.829 [main] INFO  org.apache.hyracks.control.nc.service.NCService - NCDriver exited with return value 2
14:35:11.833 [main] INFO  org.apache.hyracks.control.nc.service.NCService - Waiting for connection from CC on *:9091
14:36:19.105 [main] INFO  org.apache.hyracks.control.nc.service.NCService - Terminating NCService based on command from CC
14:36:19.105 [main] INFO  org.apache.hyracks.control.nc.service.NCService - JVM Exiting.. Bye!
--------------------------
Tue May 21 14:37:09 PDT 2024
--------------------------
Using Java version: 17.0.4.1
14:37:09.580 [main] INFO  org.apache.hyracks.control.nc.service.NCService - Waiting for connection from CC on *:9091
14:37:10.051 [main] INFO  org.apache.hyracks.control.nc.service.NCService - Using JAVA_OPTS from conf file (jvm.args)
14:37:10.052 [main] INFO  org.apache.hyracks.control.nc.service.NCService - Setting JAVA_OPTS to -XX:MaxGCPauseMillis=25000 -Xmx9831m
14:37:10.052 [main] INFO  org.apache.hyracks.control.nc.service.NCService - Launching NCDriver process
Using Java version: 17.0.4.1
14:37:10.552 [main] WARN  org.apache.hyracks.control.nc.NCLogConfigurationFactory - logs are being redirected to: /Users/peterlee/Documents/cs/python/ZED/asterixdb/apache-asterixdb-0.9.9/opt/local/logs/nc-asterix_nc2.log
14:37:13.962 [main] INFO  org.apache.hyracks.control.nc.service.NCService - NCDriver exited with return value 2
14:37:13.965 [main] INFO  org.apache.hyracks.control.nc.service.NCService - Waiting for connection from CC on *:9091
14:40:40.557 [main] INFO  org.apache.hyracks.control.nc.service.NCService - Terminating NCService based on command from CC
14:40:40.558 [main] INFO  org.apache.hyracks.control.nc.service.NCService - JVM Exiting.. Bye!
--------------------------
Tue May 21 14:41:23 PDT 2024
--------------------------
Using Java version: 17.0.4.1
14:41:23.621 [main] INFO  org.apache.hyracks.control.nc.service.NCService - Waiting for connection from CC on *:9091
14:41:24.049 [main] INFO  org.apache.hyracks.control.nc.service.NCService - Using JAVA_OPTS from conf file (jvm.args)
14:41:24.049 [main] INFO  org.apache.hyracks.control.nc.service.NCService - Setting JAVA_OPTS to -XX:MaxGCPauseMillis=25000 -Xmx9831m
14:41:24.050 [main] INFO  org.apache.hyracks.control.nc.service.NCService - Launching NCDriver process
Using Java version: 17.0.4.1
14:41:24.575 [main] WARN  org.apache.hyracks.control.nc.NCLogConfigurationFactory - logs are being redirected to: /Users/peterlee/Documents/cs/python/ZED/asterixdb/apache-asterixdb-0.9.9/opt/local/logs/nc-asterix_nc2.log
14:41:27.936 [main] INFO  org.apache.hyracks.control.nc.service.NCService - NCDriver exited with return value 2
14:41:27.939 [main] INFO  org.apache.hyracks.control.nc.service.NCService - Waiting for connection from CC on *:9091
14:45:37.322 [main] INFO  org.apache.hyracks.control.nc.service.NCService - Terminating NCService based on command from CC
14:45:37.324 [main] INFO  org.apache.hyracks.control.nc.service.NCService - JVM Exiting.. Bye!
